  [1m[35m (0.1ms)[0m  [1m[34mSELECT sqlite_version(*)[0m
  ↳ bin/rails:9
  [1m[35m (126.1ms)[0m  [1m[35mCREATE TABLE "schema_migrations" ("version" varchar NOT NULL PRIMARY KEY)[0m
  ↳ bin/rails:9
  [1m[35m (114.0ms)[0m  [1m[35mCREATE TABLE "ar_internal_metadata" ("key" varchar NOT NULL PRIMARY KEY, "value" varchar, "created_at" datetime NOT NULL, "updated_at" datetime NOT NULL)[0m
  ↳ bin/rails:9
  [1m[35m (0.1ms)[0m  [1m[34mSELECT "schema_migrations"."version" FROM "schema_migrations" ORDER BY "schema_migrations"."version" ASC[0m
  ↳ bin/rails:9
Migrating to CreateTweets (20190924141415)
  [1m[35m (0.1ms)[0m  [1m[36mbegin transaction[0m
  ↳ bin/rails:9
  [1m[35m (0.3ms)[0m  [1m[35mCREATE TABLE "tweets" ("id" integer PRIMARY KEY AUTOINCREMENT NOT NULL, "tweet" text, "created_at" datetime NOT NULL, "updated_at" datetime NOT NULL)[0m
  ↳ db/migrate/20190924141415_create_tweets.rb:3
  [1m[36mActiveRecord::SchemaMigration Create (0.1ms)[0m  [1m[32mINSERT INTO "schema_migrations" ("version") VALUES (?)[0m  [["version", "20190924141415"]]
  ↳ bin/rails:9
  [1m[35m (134.6ms)[0m  [1m[36mcommit transaction[0m
  ↳ bin/rails:9
  [1m[36mActiveRecord::InternalMetadata Load (0.3ms)[0m  [1m[34mSELECT  "ar_internal_metadata".* FROM "ar_internal_metadata" WHERE "ar_internal_metadata"."key" = ? LIMIT ?[0m  [["key", "environment"], ["LIMIT", 1]]
  ↳ bin/rails:9
  [1m[35m (0.0ms)[0m  [1m[36mbegin transaction[0m
  ↳ bin/rails:9
  [1m[36mActiveRecord::InternalMetadata Create (0.2ms)[0m  [1m[32mINSERT INTO "ar_internal_metadata" ("key", "value", "created_at", "updated_at") VALUES (?, ?, ?, ?)[0m  [["key", "environment"], ["value", "development"], ["created_at", "2019-09-24 14:14:21.944282"], ["updated_at", "2019-09-24 14:14:21.944282"]]
  ↳ bin/rails:9
  [1m[35m (104.5ms)[0m  [1m[36mcommit transaction[0m
  ↳ bin/rails:9
  [1m[35m (0.1ms)[0m  [1m[34mSELECT "schema_migrations"."version" FROM "schema_migrations" ORDER BY "schema_migrations"."version" ASC[0m
  ↳ bin/rails:9
Started GET "/" for 127.0.0.1 at 2019-09-24 11:15:16 -0300
  [1m[35m (0.1ms)[0m  [1m[34mSELECT "schema_migrations"."version" FROM "schema_migrations" ORDER BY "schema_migrations"."version" ASC[0m
  ↳ /home/u300343/.rvm/gems/ruby-2.6.3/gems/activerecord-5.2.3/lib/active_record/log_subscriber.rb:98
Processing by Rails::WelcomeController#index as HTML
  Rendering /home/u300343/.rvm/gems/ruby-2.6.3/gems/railties-5.2.3/lib/rails/templates/rails/welcome/index.html.erb
  Rendered /home/u300343/.rvm/gems/ruby-2.6.3/gems/railties-5.2.3/lib/rails/templates/rails/welcome/index.html.erb (2.3ms)
Completed 200 OK in 23ms (Views: 18.2ms | ActiveRecord: 0.0ms)


Started GET "/" for 127.0.0.1 at 2019-09-24 11:19:27 -0300
  [1m[35m (0.1ms)[0m  [1m[34mSELECT "schema_migrations"."version" FROM "schema_migrations" ORDER BY "schema_migrations"."version" ASC[0m
  ↳ /home/u300343/.rvm/gems/ruby-2.6.3/gems/activerecord-5.2.3/lib/active_record/log_subscriber.rb:98
Processing by TweetsController#index as HTML
  Rendering tweets/index.html.erb within layouts/application
  [1m[36mTweet Load (0.2ms)[0m  [1m[34mSELECT "tweets".* FROM "tweets"[0m
  ↳ app/views/tweets/index.html.erb:14
  Rendered tweets/index.html.erb within layouts/application (2.9ms)
Completed 200 OK in 458ms (Views: 450.4ms | ActiveRecord: 0.5ms)


Started GET "/" for 127.0.0.1 at 2019-09-24 11:27:26 -0300
Processing by TweetsController#index as HTML
  Rendering tweets/index.html.erb within layouts/application
  [1m[36mTweet Load (0.2ms)[0m  [1m[34mSELECT "tweets".* FROM "tweets"[0m
  ↳ app/views/tweets/index.html.erb:14
  Rendered tweets/index.html.erb within layouts/application (1.3ms)
Completed 200 OK in 16ms (Views: 15.2ms | ActiveRecord: 0.2ms)


Started GET "/tweets/new" for 127.0.0.1 at 2019-09-24 11:28:12 -0300
Processing by TweetsController#new as HTML
  Rendering tweets/new.html.erb within layouts/application
  Rendered tweets/_form.html.erb (17.4ms)
  Rendered tweets/new.html.erb within layouts/application (18.3ms)
Completed 200 OK in 36ms (Views: 30.8ms | ActiveRecord: 0.5ms)


Started POST "/tweets" for 127.0.0.1 at 2019-09-24 11:28:23 -0300
Processing by TweetsController#create as HTML
  Parameters: {"utf8"=>"✓", "authenticity_token"=>"cUOOoKHy4aFOiUy0PBseJcnW4+gwhgxHAjSKdnrgXJHank1+dOq0UsyT2gV71Xxforgrx415Fcix0nHsuO7Y0g==", "tweet"=>{"tweet"=>"New Tweet"}, "commit"=>"Create Tweet"}
  [1m[35m (0.1ms)[0m  [1m[36mbegin transaction[0m
  ↳ app/controllers/tweets_controller.rb:30
  [1m[36mTweet Create (0.2ms)[0m  [1m[32mINSERT INTO "tweets" ("tweet", "created_at", "updated_at") VALUES (?, ?, ?)[0m  [["tweet", "New Tweet"], ["created_at", "2019-09-24 14:28:23.095011"], ["updated_at", "2019-09-24 14:28:23.095011"]]
  ↳ app/controllers/tweets_controller.rb:30
  [1m[35m (114.5ms)[0m  [1m[36mcommit transaction[0m
  ↳ app/controllers/tweets_controller.rb:30
Redirected to http://localhost:3000/tweets/1
Completed 302 Found in 118ms (ActiveRecord: 114.8ms)


Started GET "/tweets/1" for 127.0.0.1 at 2019-09-24 11:28:23 -0300
Processing by TweetsController#show as HTML
  Parameters: {"id"=>"1"}
  [1m[36mTweet Load (0.4ms)[0m  [1m[34mSELECT  "tweets".* FROM "tweets" WHERE "tweets"."id" = ? LIMIT ?[0m  [["id", 1], ["LIMIT", 1]]
  ↳ app/controllers/tweets_controller.rb:67
  Rendering tweets/show.html.erb within layouts/application
  Rendered tweets/show.html.erb within layouts/application (0.7ms)
Completed 200 OK in 16ms (Views: 12.4ms | ActiveRecord: 0.4ms)


Started GET "/tweets" for 127.0.0.1 at 2019-09-24 11:28:24 -0300
Processing by TweetsController#index as HTML
  Rendering tweets/index.html.erb within layouts/application
  [1m[36mTweet Load (0.1ms)[0m  [1m[34mSELECT "tweets".* FROM "tweets"[0m
  ↳ app/views/tweets/index.html.erb:14
  Rendered tweets/index.html.erb within layouts/application (1.4ms)
Completed 200 OK in 13ms (Views: 12.2ms | ActiveRecord: 0.1ms)


Started GET "/tweets" for 127.0.0.1 at 2019-09-24 12:02:57 -0300
  [1m[35m (0.2ms)[0m  [1m[34mSELECT "schema_migrations"."version" FROM "schema_migrations" ORDER BY "schema_migrations"."version" ASC[0m
  ↳ /home/u300343/.rvm/gems/ruby-2.6.3/gems/activerecord-5.2.3/lib/active_record/log_subscriber.rb:98
Processing by TweetsController#index as HTML
  Rendering tweets/index.html.erb within layouts/application
  [1m[36mTweet Load (0.2ms)[0m  [1m[34mSELECT "tweets".* FROM "tweets"[0m
  ↳ app/views/tweets/index.html.erb:14
  Rendered tweets/index.html.erb within layouts/application (6.7ms)
Completed 200 OK in 273ms (Views: 267.0ms | ActiveRecord: 0.7ms)


Started GET "/tweets" for 127.0.0.1 at 2019-09-24 12:02:58 -0300
Processing by TweetsController#index as HTML
  Rendering tweets/index.html.erb within layouts/application
  [1m[36mTweet Load (0.1ms)[0m  [1m[34mSELECT "tweets".* FROM "tweets"[0m
  ↳ app/views/tweets/index.html.erb:14
  Rendered tweets/index.html.erb within layouts/application (1.3ms)
Completed 200 OK in 14ms (Views: 13.0ms | ActiveRecord: 0.1ms)


Started GET "/tweets" for 127.0.0.1 at 2019-09-24 12:02:58 -0300
Processing by TweetsController#index as HTML
  Rendering tweets/index.html.erb within layouts/application
  [1m[36mTweet Load (0.2ms)[0m  [1m[34mSELECT "tweets".* FROM "tweets"[0m
  ↳ app/views/tweets/index.html.erb:14
  Rendered tweets/index.html.erb within layouts/application (1.4ms)
Completed 200 OK in 16ms (Views: 14.8ms | ActiveRecord: 0.2ms)


Started GET "/tweets" for 127.0.0.1 at 2019-09-24 12:02:59 -0300
Processing by TweetsController#index as HTML
  Rendering tweets/index.html.erb within layouts/application
  [1m[36mTweet Load (0.1ms)[0m  [1m[34mSELECT "tweets".* FROM "tweets"[0m
  ↳ app/views/tweets/index.html.erb:14
  Rendered tweets/index.html.erb within layouts/application (1.3ms)
Completed 200 OK in 14ms (Views: 13.3ms | ActiveRecord: 0.1ms)


Started GET "/tweets" for 127.0.0.1 at 2019-09-24 12:04:02 -0300
  [1m[35m (0.1ms)[0m  [1m[34mSELECT "schema_migrations"."version" FROM "schema_migrations" ORDER BY "schema_migrations"."version" ASC[0m
  ↳ /home/u300343/.rvm/gems/ruby-2.6.3/gems/activerecord-5.2.3/lib/active_record/log_subscriber.rb:98
Processing by TweetsController#index as HTML
  Rendering tweets/index.html.erb within layouts/application
  [1m[36mTweet Load (0.1ms)[0m  [1m[34mSELECT "tweets".* FROM "tweets"[0m
  ↳ app/views/tweets/index.html.erb:14
  Rendered tweets/index.html.erb within layouts/application (5.3ms)
Completed 200 OK in 173ms (Views: 167.0ms | ActiveRecord: 0.6ms)


Started GET "/tweets" for 127.0.0.1 at 2019-09-24 12:04:47 -0300
Processing by TweetsController#index as HTML
  Rendering tweets/index.html.erb within layouts/application
  [1m[36mTweet Load (0.1ms)[0m  [1m[34mSELECT "tweets".* FROM "tweets"[0m
  ↳ app/views/tweets/index.html.erb:14
  Rendered tweets/index.html.erb within layouts/application (1.3ms)
Completed 200 OK in 14ms (Views: 12.7ms | ActiveRecord: 0.1ms)


Started GET "/tweets" for 127.0.0.1 at 2019-09-24 12:04:53 -0300
Processing by TweetsController#index as HTML
  Rendering tweets/index.html.erb within layouts/application
  [1m[36mTweet Load (0.1ms)[0m  [1m[34mSELECT "tweets".* FROM "tweets"[0m
  ↳ app/views/tweets/index.html.erb:14
  Rendered tweets/index.html.erb within layouts/application (1.4ms)
Completed 200 OK in 15ms (Views: 13.8ms | ActiveRecord: 0.1ms)


Started GET "/tweets" for 127.0.0.1 at 2019-09-24 12:06:00 -0300
  [1m[35m (0.1ms)[0m  [1m[34mSELECT "schema_migrations"."version" FROM "schema_migrations" ORDER BY "schema_migrations"."version" ASC[0m
  ↳ /home/u300343/.rvm/gems/ruby-2.6.3/gems/activerecord-5.2.3/lib/active_record/log_subscriber.rb:98
Processing by TweetsController#index as HTML
  Rendering tweets/index.html.erb within layouts/application
  [1m[36mTweet Load (0.2ms)[0m  [1m[34mSELECT "tweets".* FROM "tweets"[0m
  ↳ app/views/tweets/index.html.erb:14
  Rendered tweets/index.html.erb within layouts/application (5.6ms)
Completed 200 OK in 2678ms (Views: 2671.6ms | ActiveRecord: 0.5ms)


Started GET "/tweets" for 127.0.0.1 at 2019-09-24 12:13:49 -0300
Processing by TweetsController#index as HTML
  Rendering tweets/index.html.erb within layouts/application
  [1m[36mTweet Load (0.1ms)[0m  [1m[34mSELECT "tweets".* FROM "tweets"[0m
  ↳ app/views/tweets/index.html.erb:14
  Rendered tweets/index.html.erb within layouts/application (1.4ms)
Completed 200 OK in 16ms (Views: 14.7ms | ActiveRecord: 0.1ms)


Started GET "/tweets" for 127.0.0.1 at 2019-09-24 12:13:50 -0300
Processing by TweetsController#index as HTML
  Rendering tweets/index.html.erb within layouts/application
  [1m[36mTweet Load (0.1ms)[0m  [1m[34mSELECT "tweets".* FROM "tweets"[0m
  ↳ app/views/tweets/index.html.erb:14
  Rendered tweets/index.html.erb within layouts/application (1.6ms)
Completed 200 OK in 16ms (Views: 15.0ms | ActiveRecord: 0.1ms)


Started GET "/" for 127.0.0.1 at 2019-09-24 12:13:52 -0300
Processing by TweetsController#index as HTML
  Rendering tweets/index.html.erb within layouts/application
  [1m[36mTweet Load (0.2ms)[0m  [1m[34mSELECT "tweets".* FROM "tweets"[0m
  ↳ app/views/tweets/index.html.erb:14
  Rendered tweets/index.html.erb within layouts/application (1.3ms)
Completed 200 OK in 16ms (Views: 14.9ms | ActiveRecord: 0.2ms)


Started GET "/" for 127.0.0.1 at 2019-09-24 12:13:54 -0300
Processing by TweetsController#index as HTML
  Rendering tweets/index.html.erb within layouts/application
  [1m[36mTweet Load (0.1ms)[0m  [1m[34mSELECT "tweets".* FROM "tweets"[0m
  ↳ app/views/tweets/index.html.erb:14
  Rendered tweets/index.html.erb within layouts/application (1.3ms)
Completed 200 OK in 16ms (Views: 14.7ms | ActiveRecord: 0.1ms)


